[debug] [2018-08-21T17:51:33.208Z] ----------------------------------------------------------------------
[debug] [2018-08-21T17:51:33.212Z] Command:       C:\Program Files\nodejs\node.exe C:\Users\Aditya\AppData\Roaming\npm\node_modules\firebase-tools\bin\firebase deploy
[debug] [2018-08-21T17:51:33.212Z] CLI Version:   4.0.1
[debug] [2018-08-21T17:51:33.212Z] Platform:      win32
[debug] [2018-08-21T17:51:33.212Z] Node Version:  v8.9.3
[debug] [2018-08-21T17:51:33.213Z] Time:          Tue Aug 21 2018 23:21:33 GMT+0530 (India Standard Time)
[debug] [2018-08-21T17:51:33.213Z] ----------------------------------------------------------------------
[debug] 
[debug] [2018-08-21T17:51:33.229Z] > command requires scopes: ["email","openid","https://www.googleapis.com/auth/cloudplatformprojects.readonly","https://www.googleapis.com/auth/firebase","https://www.googleapis.com/auth/cloud-platform"]
[debug] [2018-08-21T17:51:33.230Z] > authorizing via signed-in user
[debug] [2018-08-21T17:51:33.233Z] >>> HTTP REQUEST GET https://admin.firebase.com/v1/projects/aditya-sharma  
  
 Tue Aug 21 2018 23:21:33 GMT+0530 (India Standard Time)
[debug] [2018-08-21T17:51:35.262Z] <<< HTTP RESPONSE 200
[debug] [2018-08-21T17:51:35.265Z] >>> HTTP REQUEST GET https://admin.firebase.com/v1/database/aditya-sharma/tokens  
  
 Tue Aug 21 2018 23:21:35 GMT+0530 (India Standard Time)
[debug] [2018-08-21T17:51:36.849Z] <<< HTTP RESPONSE 200
[info] 
[info] === Deploying to 'aditya-sharma'...
[info] 
[info] i  deploying hosting
[info] i  hosting: preparing ./ directory for upload...
[debug] [2018-08-21T17:51:39.655Z] >>> HTTP REQUEST PUT https://deploy.firebase.com/v1/hosting/aditya-sharma/uploads/-LKSbFyXfEs9qcbIuuw6?fileCount=135&message=  
  
 Tue Aug 21 2018 23:21:39 GMT+0530 (India Standard Time)
[debug] [2018-08-21T17:51:53.304Z] <<< HTTP RESPONSE 200
[debug] [2018-08-21T17:51:53.304Z] [hosting] .tgz uploaded successfully, waiting for extraction
[info] +  hosting: 135 files uploaded successfully
[debug] [2018-08-21T17:51:54.129Z] [hosting] deploy completed after 15027ms
[debug] [2018-08-21T17:51:54.562Z] >>> HTTP REQUEST POST https://deploy.firebase.com/v1/projects/aditya-sharma/releases  
 { hosting: 
   { public: './',
     ignore: [ 'firebase.json', '**/.*', 'README.md' ],
     version: '-LKSbFyXfEs9qcbIuuw6',
     prefix: '-LKSbFyXfEs9qcbIuuw6/',
     manifest: [] } } 
 Tue Aug 21 2018 23:21:54 GMT+0530 (India Standard Time)
